2024/10/08 08:51:24 [emerg] 1#1: open() "/etc/nginx/snippets/fastcgi-php.conf" failed (2: No such file or directory) in /etc/nginx/conf.d/api.conf:30
2024/10/08 08:53:32 [emerg] 1#1: open() "/etc/nginx/snippets/fastcgi-php.conf" failed (2: No such file or directory) in /etc/nginx/conf.d/api.conf:30
2024/10/08 08:54:26 [emerg] 1#1: open() "/etc/nginx/snippets/fastcgi-php.conf" failed (2: No such file or directory) in /etc/nginx/conf.d/api.conf:30
2024/10/08 08:57:45 [emerg] 1#1: host not found in upstream "php_fpm" in /etc/nginx/conf.d/api.conf:31
2024/10/08 08:59:18 [notice] 1#1: using the "epoll" event method
2024/10/08 08:59:18 [notice] 1#1: nginx/1.27.2
2024/10/08 08:59:18 [notice] 1#1: built by gcc 12.2.0 (Debian 12.2.0-14) 
2024/10/08 08:59:18 [notice] 1#1: OS: Linux 6.8.0-45-generic
2024/10/08 08:59:18 [notice] 1#1: getrlimit(RLIMIT_NOFILE): 1048576:1048576
2024/10/08 08:59:18 [notice] 1#1: start worker processes
2024/10/08 08:59:18 [notice] 1#1: start worker process 20
2024/10/08 08:59:18 [notice] 1#1: start worker process 21
2024/10/08 08:59:18 [notice] 1#1: start worker process 22
2024/10/08 08:59:18 [notice] 1#1: start worker process 23
2024/10/08 08:59:18 [notice] 1#1: start worker process 24
2024/10/08 08:59:18 [notice] 1#1: start worker process 25
2024/10/08 08:59:18 [notice] 1#1: start worker process 26
2024/10/08 08:59:18 [notice] 1#1: start worker process 27
2024/10/08 08:59:18 [notice] 1#1: start worker process 28
2024/10/08 08:59:18 [notice] 1#1: start worker process 29
2024/10/08 08:59:18 [notice] 1#1: start worker process 30
2024/10/08 08:59:18 [notice] 1#1: start worker process 31
2024/10/08 08:59:18 [notice] 1#1: start worker process 32
2024/10/08 08:59:18 [notice] 1#1: start worker process 33
2024/10/08 08:59:18 [notice] 1#1: start worker process 34
2024/10/08 08:59:18 [notice] 1#1: start worker process 35
2024/10/08 09:01:15 [notice] 1#1: signal 3 (SIGQUIT) received, shutting down
2024/10/08 09:01:15 [notice] 20#20: gracefully shutting down
2024/10/08 09:01:15 [notice] 22#22: gracefully shutting down
2024/10/08 09:01:15 [notice] 24#24: gracefully shutting down
2024/10/08 09:01:15 [notice] 23#23: gracefully shutting down
2024/10/08 09:01:15 [notice] 27#27: gracefully shutting down
2024/10/08 09:01:15 [notice] 20#20: exiting
2024/10/08 09:01:15 [notice] 22#22: exiting
2024/10/08 09:01:15 [notice] 26#26: gracefully shutting down
2024/10/08 09:01:15 [notice] 29#29: gracefully shutting down
2024/10/08 09:01:15 [notice] 30#30: gracefully shutting down
2024/10/08 09:01:15 [notice] 31#31: gracefully shutting down
2024/10/08 09:01:15 [notice] 21#21: gracefully shutting down
2024/10/08 09:01:15 [notice] 24#24: exiting
2024/10/08 09:01:15 [notice] 28#28: gracefully shutting down
2024/10/08 09:01:15 [notice] 25#25: gracefully shutting down
2024/10/08 09:01:15 [notice] 23#23: exiting
2024/10/08 09:01:15 [notice] 32#32: gracefully shutting down
2024/10/08 09:01:15 [notice] 27#27: exiting
2024/10/08 09:01:15 [notice] 26#26: exiting
2024/10/08 09:01:15 [notice] 33#33: gracefully shutting down
2024/10/08 09:01:15 [notice] 29#29: exiting
2024/10/08 09:01:15 [notice] 30#30: exiting
2024/10/08 09:01:15 [notice] 31#31: exiting
2024/10/08 09:01:15 [notice] 21#21: exiting
2024/10/08 09:01:15 [notice] 28#28: exiting
2024/10/08 09:01:15 [notice] 25#25: exiting
2024/10/08 09:01:15 [notice] 32#32: exiting
2024/10/08 09:01:15 [notice] 33#33: exiting
2024/10/08 09:01:15 [notice] 22#22: exit
2024/10/08 09:01:15 [notice] 20#20: exit
2024/10/08 09:01:15 [notice] 24#24: exit
2024/10/08 09:01:15 [notice] 23#23: exit
2024/10/08 09:01:15 [notice] 21#21: exit
2024/10/08 09:01:15 [notice] 26#26: exit
2024/10/08 09:01:15 [notice] 25#25: exit
2024/10/08 09:01:15 [notice] 28#28: exit
2024/10/08 09:01:15 [notice] 29#29: exit
2024/10/08 09:01:15 [notice] 31#31: exit
2024/10/08 09:01:15 [notice] 33#33: exit
2024/10/08 09:01:15 [notice] 30#30: exit
2024/10/08 09:01:15 [notice] 32#32: exit
2024/10/08 09:01:15 [notice] 27#27: exit
2024/10/08 09:01:15 [notice] 34#34: gracefully shutting down
2024/10/08 09:01:15 [notice] 34#34: exiting
2024/10/08 09:01:15 [notice] 35#35: gracefully shutting down
2024/10/08 09:01:15 [notice] 35#35: exiting
2024/10/08 09:01:15 [notice] 34#34: exit
2024/10/08 09:01:15 [notice] 35#35: exit
2024/10/08 09:01:15 [notice] 1#1: signal 17 (SIGCHLD) received from 27
2024/10/08 09:01:15 [notice] 1#1: worker process 27 exited with code 0
2024/10/08 09:01:15 [notice] 1#1: signal 29 (SIGIO) received
2024/10/08 09:01:15 [notice] 1#1: signal 17 (SIGCHLD) received from 34
2024/10/08 09:01:15 [notice] 1#1: worker process 34 exited with code 0
2024/10/08 09:01:15 [notice] 1#1: signal 29 (SIGIO) received
2024/10/08 09:01:15 [notice] 1#1: signal 17 (SIGCHLD) received from 29
2024/10/08 09:01:15 [notice] 1#1: worker process 29 exited with code 0
2024/10/08 09:01:15 [notice] 1#1: signal 29 (SIGIO) received
2024/10/08 09:01:15 [notice] 1#1: signal 17 (SIGCHLD) received from 28
2024/10/08 09:01:15 [notice] 1#1: worker process 28 exited with code 0
2024/10/08 09:01:15 [notice] 1#1: signal 29 (SIGIO) received
2024/10/08 09:01:15 [notice] 1#1: signal 17 (SIGCHLD) received from 23
2024/10/08 09:01:15 [notice] 1#1: worker process 23 exited with code 0
2024/10/08 09:01:15 [notice] 1#1: signal 29 (SIGIO) received
2024/10/08 09:01:15 [notice] 1#1: signal 17 (SIGCHLD) received from 31
2024/10/08 09:01:15 [notice] 1#1: worker process 31 exited with code 0
2024/10/08 09:01:15 [notice] 1#1: worker process 32 exited with code 0
2024/10/08 09:01:15 [notice] 1#1: signal 29 (SIGIO) received
2024/10/08 09:01:15 [notice] 1#1: signal 17 (SIGCHLD) received from 33
2024/10/08 09:01:15 [notice] 1#1: worker process 26 exited with code 0
2024/10/08 09:01:15 [notice] 1#1: worker process 33 exited with code 0
2024/10/08 09:01:15 [notice] 1#1: signal 29 (SIGIO) received
2024/10/08 09:01:15 [notice] 1#1: signal 17 (SIGCHLD) received from 26
2024/10/08 09:01:15 [notice] 1#1: signal 17 (SIGCHLD) received from 22
2024/10/08 09:01:15 [notice] 1#1: worker process 22 exited with code 0
2024/10/08 09:01:15 [notice] 1#1: signal 29 (SIGIO) received
2024/10/08 09:01:15 [notice] 1#1: signal 17 (SIGCHLD) received from 30
2024/10/08 09:01:15 [notice] 1#1: worker process 30 exited with code 0
2024/10/08 09:01:15 [notice] 1#1: signal 17 (SIGCHLD) received from 21
2024/10/08 09:01:15 [notice] 1#1: worker process 21 exited with code 0
2024/10/08 09:01:15 [notice] 1#1: signal 29 (SIGIO) received
2024/10/08 09:01:15 [notice] 1#1: signal 29 (SIGIO) received
2024/10/08 09:01:15 [notice] 1#1: signal 17 (SIGCHLD) received from 35
2024/10/08 09:01:15 [notice] 1#1: worker process 24 exited with code 0
2024/10/08 09:01:15 [notice] 1#1: worker process 35 exited with code 0
2024/10/08 09:01:15 [notice] 1#1: signal 29 (SIGIO) received
2024/10/08 09:01:15 [notice] 1#1: signal 17 (SIGCHLD) received from 20
2024/10/08 09:01:15 [notice] 1#1: worker process 20 exited with code 0
2024/10/08 09:01:15 [notice] 1#1: signal 29 (SIGIO) received
2024/10/08 09:01:15 [notice] 1#1: signal 17 (SIGCHLD) received from 25
2024/10/08 09:01:15 [notice] 1#1: worker process 25 exited with code 0
2024/10/08 09:01:15 [notice] 1#1: exit
2024/10/08 09:01:23 [notice] 1#1: using the "epoll" event method
2024/10/08 09:01:23 [notice] 1#1: nginx/1.27.2
2024/10/08 09:01:23 [notice] 1#1: built by gcc 12.2.0 (Debian 12.2.0-14) 
2024/10/08 09:01:23 [notice] 1#1: OS: Linux 6.8.0-45-generic
2024/10/08 09:01:23 [notice] 1#1: getrlimit(RLIMIT_NOFILE): 1048576:1048576
2024/10/08 09:01:23 [notice] 1#1: start worker processes
2024/10/08 09:01:23 [notice] 1#1: start worker process 20
2024/10/08 09:01:23 [notice] 1#1: start worker process 21
2024/10/08 09:01:23 [notice] 1#1: start worker process 22
2024/10/08 09:01:23 [notice] 1#1: start worker process 23
2024/10/08 09:01:23 [notice] 1#1: start worker process 24
2024/10/08 09:01:23 [notice] 1#1: start worker process 25
2024/10/08 09:01:23 [notice] 1#1: start worker process 26
2024/10/08 09:01:23 [notice] 1#1: start worker process 27
2024/10/08 09:01:23 [notice] 1#1: start worker process 28
2024/10/08 09:01:23 [notice] 1#1: start worker process 29
2024/10/08 09:01:23 [notice] 1#1: start worker process 30
2024/10/08 09:01:23 [notice] 1#1: start worker process 31
2024/10/08 09:01:23 [notice] 1#1: start worker process 32
2024/10/08 09:01:23 [notice] 1#1: start worker process 33
2024/10/08 09:01:23 [notice] 1#1: start worker process 34
2024/10/08 09:01:23 [notice] 1#1: start worker process 35
2024/10/08 09:04:30 [notice] 1#1: signal 3 (SIGQUIT) received, shutting down
2024/10/08 09:04:30 [notice] 20#20: gracefully shutting down
2024/10/08 09:04:30 [notice] 32#32: gracefully shutting down
2024/10/08 09:04:30 [notice] 21#21: gracefully shutting down
2024/10/08 09:04:30 [notice] 22#22: gracefully shutting down
2024/10/08 09:04:30 [notice] 33#33: gracefully shutting down
2024/10/08 09:04:30 [notice] 23#23: gracefully shutting down
2024/10/08 09:04:30 [notice] 24#24: gracefully shutting down
2024/10/08 09:04:30 [notice] 35#35: gracefully shutting down
2024/10/08 09:04:30 [notice] 20#20: exiting
2024/10/08 09:04:30 [notice] 32#32: exiting
2024/10/08 09:04:30 [notice] 21#21: exiting
2024/10/08 09:04:30 [notice] 22#22: exiting
2024/10/08 09:04:30 [notice] 33#33: exiting
2024/10/08 09:04:30 [notice] 23#23: exiting
2024/10/08 09:04:30 [notice] 24#24: exiting
2024/10/08 09:04:30 [notice] 25#25: gracefully shutting down
2024/10/08 09:04:30 [notice] 35#35: exiting
2024/10/08 09:04:30 [notice] 26#26: gracefully shutting down
2024/10/08 09:04:30 [notice] 25#25: exiting
2024/10/08 09:04:30 [notice] 26#26: exiting
2024/10/08 09:04:30 [notice] 20#20: exit
2024/10/08 09:04:30 [notice] 22#22: exit
2024/10/08 09:04:30 [notice] 21#21: exit
2024/10/08 09:04:30 [notice] 35#35: exit
2024/10/08 09:04:30 [notice] 32#32: exit
2024/10/08 09:04:30 [notice] 24#24: exit
2024/10/08 09:04:30 [notice] 25#25: exit
2024/10/08 09:04:30 [notice] 33#33: exit
2024/10/08 09:04:30 [notice] 23#23: exit
2024/10/08 09:04:30 [notice] 26#26: exit
2024/10/08 09:04:30 [notice] 27#27: gracefully shutting down
2024/10/08 09:04:30 [notice] 27#27: exiting
2024/10/08 09:04:30 [notice] 27#27: exit
2024/10/08 09:04:30 [notice] 28#28: gracefully shutting down
2024/10/08 09:04:30 [notice] 28#28: exiting
2024/10/08 09:04:30 [notice] 28#28: exit
2024/10/08 09:04:30 [notice] 29#29: gracefully shutting down
2024/10/08 09:04:30 [notice] 29#29: exiting
2024/10/08 09:04:30 [notice] 30#30: gracefully shutting down
2024/10/08 09:04:30 [notice] 30#30: exiting
2024/10/08 09:04:30 [notice] 29#29: exit
2024/10/08 09:04:30 [notice] 30#30: exit
2024/10/08 09:04:30 [notice] 31#31: gracefully shutting down
2024/10/08 09:04:30 [notice] 31#31: exiting
2024/10/08 09:04:30 [notice] 31#31: exit
2024/10/08 09:04:30 [notice] 34#34: gracefully shutting down
2024/10/08 09:04:30 [notice] 34#34: exiting
2024/10/08 09:04:30 [notice] 34#34: exit
2024/10/08 09:04:30 [notice] 1#1: signal 17 (SIGCHLD) received from 22
2024/10/08 09:04:30 [notice] 1#1: worker process 22 exited with code 0
2024/10/08 09:04:30 [notice] 1#1: signal 29 (SIGIO) received
2024/10/08 09:04:30 [notice] 1#1: signal 17 (SIGCHLD) received from 29
2024/10/08 09:04:30 [notice] 1#1: worker process 29 exited with code 0
2024/10/08 09:04:30 [notice] 1#1: signal 29 (SIGIO) received
2024/10/08 09:04:30 [notice] 1#1: signal 17 (SIGCHLD) received from 27
2024/10/08 09:04:30 [notice] 1#1: worker process 27 exited with code 0
2024/10/08 09:04:30 [notice] 1#1: signal 29 (SIGIO) received
2024/10/08 09:04:30 [notice] 1#1: signal 17 (SIGCHLD) received from 28
2024/10/08 09:04:30 [notice] 1#1: worker process 28 exited with code 0
2024/10/08 09:04:30 [notice] 1#1: signal 29 (SIGIO) received
2024/10/08 09:04:30 [notice] 1#1: signal 17 (SIGCHLD) received from 30
2024/10/08 09:04:30 [notice] 1#1: worker process 24 exited with code 0
2024/10/08 09:04:30 [notice] 1#1: worker process 20 exited with code 0
2024/10/08 09:04:30 [notice] 1#1: worker process 26 exited with code 0
2024/10/08 09:04:30 [notice] 1#1: worker process 30 exited with code 0
2024/10/08 09:04:30 [notice] 1#1: signal 29 (SIGIO) received
2024/10/08 09:04:30 [notice] 1#1: signal 17 (SIGCHLD) received from 26
2024/10/08 09:04:30 [notice] 1#1: signal 17 (SIGCHLD) received from 32
2024/10/08 09:04:30 [notice] 1#1: worker process 21 exited with code 0
2024/10/08 09:04:30 [notice] 1#1: worker process 32 exited with code 0
2024/10/08 09:04:30 [notice] 1#1: signal 29 (SIGIO) received
2024/10/08 09:04:30 [notice] 1#1: signal 17 (SIGCHLD) received from 25
2024/10/08 09:04:30 [notice] 1#1: worker process 25 exited with code 0
2024/10/08 09:04:30 [notice] 1#1: worker process 31 exited with code 0
2024/10/08 09:04:30 [notice] 1#1: signal 29 (SIGIO) received
2024/10/08 09:04:30 [notice] 1#1: signal 17 (SIGCHLD) received from 23
2024/10/08 09:04:30 [notice] 1#1: worker process 23 exited with code 0
2024/10/08 09:04:30 [notice] 1#1: signal 29 (SIGIO) received
2024/10/08 09:04:30 [notice] 1#1: signal 17 (SIGCHLD) received from 33
2024/10/08 09:04:30 [notice] 1#1: worker process 33 exited with code 0
2024/10/08 09:04:30 [notice] 1#1: signal 29 (SIGIO) received
2024/10/08 09:04:30 [notice] 1#1: signal 17 (SIGCHLD) received from 35
2024/10/08 09:04:30 [notice] 1#1: worker process 35 exited with code 0
2024/10/08 09:04:30 [notice] 1#1: signal 17 (SIGCHLD) received from 34
2024/10/08 09:04:30 [notice] 1#1: worker process 34 exited with code 0
2024/10/08 09:04:30 [notice] 1#1: exit
2024/10/08 09:04:31 [notice] 1#1: using the "epoll" event method
2024/10/08 09:04:31 [notice] 1#1: nginx/1.27.2
2024/10/08 09:04:31 [notice] 1#1: built by gcc 12.2.0 (Debian 12.2.0-14) 
2024/10/08 09:04:31 [notice] 1#1: OS: Linux 6.8.0-45-generic
2024/10/08 09:04:31 [notice] 1#1: getrlimit(RLIMIT_NOFILE): 1048576:1048576
2024/10/08 09:04:31 [notice] 1#1: start worker processes
2024/10/08 09:04:31 [notice] 1#1: start worker process 20
2024/10/08 09:04:31 [notice] 1#1: start worker process 21
2024/10/08 09:04:31 [notice] 1#1: start worker process 22
2024/10/08 09:04:31 [notice] 1#1: start worker process 23
2024/10/08 09:04:31 [notice] 1#1: start worker process 24
2024/10/08 09:04:31 [notice] 1#1: start worker process 25
2024/10/08 09:04:31 [notice] 1#1: start worker process 26
2024/10/08 09:04:31 [notice] 1#1: start worker process 27
2024/10/08 09:04:31 [notice] 1#1: start worker process 28
2024/10/08 09:04:31 [notice] 1#1: start worker process 29
2024/10/08 09:04:31 [notice] 1#1: start worker process 30
2024/10/08 09:04:31 [notice] 1#1: start worker process 31
2024/10/08 09:04:31 [notice] 1#1: start worker process 32
2024/10/08 09:04:31 [notice] 1#1: start worker process 33
2024/10/08 09:04:31 [notice] 1#1: start worker process 34
2024/10/08 09:04:31 [notice] 1#1: start worker process 35
2024/10/08 11:05:03 [notice] 1#1: signal 3 (SIGQUIT) received, shutting down
2024/10/08 11:05:03 [notice] 20#20: gracefully shutting down
2024/10/08 11:05:03 [notice] 21#21: gracefully shutting down
2024/10/08 11:05:03 [notice] 22#22: gracefully shutting down
2024/10/08 11:05:03 [notice] 23#23: gracefully shutting down
2024/10/08 11:05:03 [notice] 24#24: gracefully shutting down
2024/10/08 11:05:03 [notice] 25#25: gracefully shutting down
2024/10/08 11:05:03 [notice] 20#20: exiting
2024/10/08 11:05:03 [notice] 26#26: gracefully shutting down
2024/10/08 11:05:03 [notice] 24#24: exiting
2024/10/08 11:05:03 [notice] 27#27: gracefully shutting down
2024/10/08 11:05:03 [notice] 21#21: exiting
2024/10/08 11:05:03 [notice] 28#28: gracefully shutting down
2024/10/08 11:05:03 [notice] 22#22: exiting
2024/10/08 11:05:03 [notice] 23#23: exiting
2024/10/08 11:05:03 [notice] 33#33: gracefully shutting down
2024/10/08 11:05:03 [notice] 25#25: exiting
2024/10/08 11:05:03 [notice] 26#26: exiting
2024/10/08 11:05:03 [notice] 27#27: exiting
2024/10/08 11:05:03 [notice] 28#28: exiting
2024/10/08 11:05:03 [notice] 33#33: exiting
2024/10/08 11:05:03 [notice] 21#21: exit
2024/10/08 11:05:03 [notice] 29#29: gracefully shutting down
2024/10/08 11:05:03 [notice] 20#20: exit
2024/10/08 11:05:03 [notice] 22#22: exit
2024/10/08 11:05:03 [notice] 29#29: exiting
2024/10/08 11:05:03 [notice] 24#24: exit
2024/10/08 11:05:03 [notice] 27#27: exit
2024/10/08 11:05:03 [notice] 28#28: exit
2024/10/08 11:05:03 [notice] 26#26: exit
2024/10/08 11:05:03 [notice] 33#33: exit
2024/10/08 11:05:03 [notice] 23#23: exit
2024/10/08 11:05:03 [notice] 30#30: gracefully shutting down
2024/10/08 11:05:03 [notice] 25#25: exit
2024/10/08 11:05:03 [notice] 30#30: exiting
2024/10/08 11:05:03 [notice] 29#29: exit
2024/10/08 11:05:03 [notice] 30#30: exit
2024/10/08 11:05:03 [notice] 31#31: gracefully shutting down
2024/10/08 11:05:03 [notice] 31#31: exiting
2024/10/08 11:05:03 [notice] 32#32: gracefully shutting down
2024/10/08 11:05:03 [notice] 32#32: exiting
2024/10/08 11:05:03 [notice] 31#31: exit
2024/10/08 11:05:03 [notice] 34#34: gracefully shutting down
2024/10/08 11:05:03 [notice] 34#34: exiting
2024/10/08 11:05:03 [notice] 32#32: exit
2024/10/08 11:05:03 [notice] 35#35: gracefully shutting down
2024/10/08 11:05:03 [notice] 35#35: exiting
2024/10/08 11:05:03 [notice] 34#34: exit
2024/10/08 11:05:03 [notice] 35#35: exit
2024/10/08 11:05:03 [notice] 1#1: signal 17 (SIGCHLD) received from 33
2024/10/08 11:05:03 [notice] 1#1: worker process 33 exited with code 0
2024/10/08 11:05:03 [notice] 1#1: signal 29 (SIGIO) received
2024/10/08 11:05:03 [notice] 1#1: signal 17 (SIGCHLD) received from 35
2024/10/08 11:05:03 [notice] 1#1: worker process 28 exited with code 0
2024/10/08 11:05:03 [notice] 1#1: worker process 25 exited with code 0
2024/10/08 11:05:03 [notice] 1#1: worker process 30 exited with code 0
2024/10/08 11:05:03 [notice] 1#1: worker process 35 exited with code 0
2024/10/08 11:05:03 [notice] 1#1: signal 29 (SIGIO) received
2024/10/08 11:05:03 [notice] 1#1: signal 17 (SIGCHLD) received from 28
2024/10/08 11:05:03 [notice] 1#1: signal 17 (SIGCHLD) received from 27
2024/10/08 11:05:03 [notice] 1#1: worker process 27 exited with code 0
2024/10/08 11:05:03 [notice] 1#1: signal 29 (SIGIO) received
2024/10/08 11:05:03 [notice] 1#1: signal 17 (SIGCHLD) received from 31
2024/10/08 11:05:03 [notice] 1#1: worker process 21 exited with code 0
2024/10/08 11:05:03 [notice] 1#1: worker process 31 exited with code 0
2024/10/08 11:05:03 [notice] 1#1: worker process 34 exited with code 0
2024/10/08 11:05:03 [notice] 1#1: signal 29 (SIGIO) received
2024/10/08 11:05:03 [notice] 1#1: signal 17 (SIGCHLD) received from 21
2024/10/08 11:05:03 [notice] 1#1: signal 17 (SIGCHLD) received from 29
2024/10/08 11:05:03 [notice] 1#1: worker process 29 exited with code 0
2024/10/08 11:05:03 [notice] 1#1: signal 29 (SIGIO) received
2024/10/08 11:05:03 [notice] 1#1: signal 17 (SIGCHLD) received from 22
2024/10/08 11:05:03 [notice] 1#1: worker process 22 exited with code 0
2024/10/08 11:05:03 [notice] 1#1: signal 29 (SIGIO) received
2024/10/08 11:05:03 [notice] 1#1: signal 17 (SIGCHLD) received from 26
2024/10/08 11:05:03 [notice] 1#1: worker process 26 exited with code 0
2024/10/08 11:05:03 [notice] 1#1: signal 29 (SIGIO) received
2024/10/08 11:05:03 [notice] 1#1: signal 17 (SIGCHLD) received from 32
2024/10/08 11:05:03 [notice] 1#1: worker process 32 exited with code 0
2024/10/08 11:05:03 [notice] 1#1: signal 29 (SIGIO) received
2024/10/08 11:05:03 [notice] 1#1: signal 17 (SIGCHLD) received from 24
2024/10/08 11:05:03 [notice] 1#1: worker process 24 exited with code 0
2024/10/08 11:05:03 [notice] 1#1: signal 29 (SIGIO) received
2024/10/08 11:05:03 [notice] 1#1: signal 17 (SIGCHLD) received from 23
2024/10/08 11:05:03 [notice] 1#1: worker process 23 exited with code 0
2024/10/08 11:05:03 [notice] 1#1: signal 29 (SIGIO) received
2024/10/08 11:05:03 [notice] 1#1: signal 17 (SIGCHLD) received from 20
2024/10/08 11:05:03 [notice] 1#1: worker process 20 exited with code 0
2024/10/08 11:05:03 [notice] 1#1: exit
2024/10/08 11:05:03 [notice] 1#1: using the "epoll" event method
2024/10/08 11:05:03 [notice] 1#1: nginx/1.27.2
2024/10/08 11:05:03 [notice] 1#1: built by gcc 12.2.0 (Debian 12.2.0-14) 
2024/10/08 11:05:03 [notice] 1#1: OS: Linux 6.8.0-45-generic
2024/10/08 11:05:03 [notice] 1#1: getrlimit(RLIMIT_NOFILE): 1048576:1048576
2024/10/08 11:05:03 [notice] 1#1: start worker processes
2024/10/08 11:05:03 [notice] 1#1: start worker process 20
2024/10/08 11:05:03 [notice] 1#1: start worker process 21
2024/10/08 11:05:03 [notice] 1#1: start worker process 22
2024/10/08 11:05:03 [notice] 1#1: start worker process 23
2024/10/08 11:05:03 [notice] 1#1: start worker process 24
2024/10/08 11:05:03 [notice] 1#1: start worker process 25
2024/10/08 11:05:03 [notice] 1#1: start worker process 26
2024/10/08 11:05:03 [notice] 1#1: start worker process 27
2024/10/08 11:05:03 [notice] 1#1: start worker process 28
2024/10/08 11:05:03 [notice] 1#1: start worker process 29
2024/10/08 11:05:03 [notice] 1#1: start worker process 30
2024/10/08 11:05:03 [notice] 1#1: start worker process 31
2024/10/08 11:05:03 [notice] 1#1: start worker process 32
2024/10/08 11:05:03 [notice] 1#1: start worker process 33
2024/10/08 11:05:03 [notice] 1#1: start worker process 34
2024/10/08 11:05:03 [notice] 1#1: start worker process 35
2024/10/08 11:09:19 [notice] 1#1: signal 3 (SIGQUIT) received, shutting down
2024/10/08 11:09:19 [notice] 22#22: gracefully shutting down
2024/10/08 11:09:19 [notice] 21#21: gracefully shutting down
2024/10/08 11:09:19 [notice] 23#23: gracefully shutting down
2024/10/08 11:09:19 [notice] 25#25: gracefully shutting down
2024/10/08 11:09:19 [notice] 28#28: gracefully shutting down
2024/10/08 11:09:19 [notice] 27#27: gracefully shutting down
2024/10/08 11:09:19 [notice] 26#26: gracefully shutting down
2024/10/08 11:09:19 [notice] 20#20: gracefully shutting down
2024/10/08 11:09:19 [notice] 24#24: gracefully shutting down
2024/10/08 11:09:19 [notice] 22#22: exiting
2024/10/08 11:09:19 [notice] 21#21: exiting
2024/10/08 11:09:19 [notice] 33#33: gracefully shutting down
2024/10/08 11:09:19 [notice] 23#23: exiting
2024/10/08 11:09:19 [notice] 27#27: exiting
2024/10/08 11:09:19 [notice] 29#29: gracefully shutting down
2024/10/08 11:09:19 [notice] 25#25: exiting
2024/10/08 11:09:19 [notice] 28#28: exiting
2024/10/08 11:09:19 [notice] 26#26: exiting
2024/10/08 11:09:19 [notice] 20#20: exiting
2024/10/08 11:09:19 [notice] 24#24: exiting
2024/10/08 11:09:19 [notice] 33#33: exiting
2024/10/08 11:09:19 [notice] 29#29: exiting
2024/10/08 11:09:19 [notice] 21#21: exit
2024/10/08 11:09:19 [notice] 25#25: exit
2024/10/08 11:09:19 [notice] 28#28: exit
2024/10/08 11:09:19 [notice] 33#33: exit
2024/10/08 11:09:19 [notice] 24#24: exit
2024/10/08 11:09:19 [notice] 27#27: exit
2024/10/08 11:09:19 [notice] 26#26: exit
2024/10/08 11:09:19 [notice] 29#29: exit
2024/10/08 11:09:19 [notice] 23#23: exit
2024/10/08 11:09:19 [notice] 22#22: exit
2024/10/08 11:09:19 [notice] 20#20: exit
2024/10/08 11:09:19 [notice] 30#30: gracefully shutting down
2024/10/08 11:09:19 [notice] 30#30: exiting
2024/10/08 11:09:19 [notice] 30#30: exit
2024/10/08 11:09:19 [notice] 31#31: gracefully shutting down
2024/10/08 11:09:19 [notice] 32#32: gracefully shutting down
2024/10/08 11:09:19 [notice] 34#34: gracefully shutting down
2024/10/08 11:09:19 [notice] 35#35: gracefully shutting down
2024/10/08 11:09:19 [notice] 31#31: exiting
2024/10/08 11:09:19 [notice] 32#32: exiting
2024/10/08 11:09:19 [notice] 34#34: exiting
2024/10/08 11:09:19 [notice] 35#35: exiting
2024/10/08 11:09:19 [notice] 31#31: exit
2024/10/08 11:09:19 [notice] 35#35: exit
2024/10/08 11:09:19 [notice] 32#32: exit
2024/10/08 11:09:19 [notice] 34#34: exit
2024/10/08 11:09:19 [notice] 1#1: signal 17 (SIGCHLD) received from 20
2024/10/08 11:09:19 [notice] 1#1: worker process 20 exited with code 0
2024/10/08 11:09:19 [notice] 1#1: signal 29 (SIGIO) received
2024/10/08 11:09:19 [notice] 1#1: signal 17 (SIGCHLD) received from 29
2024/10/08 11:09:19 [notice] 1#1: worker process 24 exited with code 0
2024/10/08 11:09:19 [notice] 1#1: worker process 21 exited with code 0
2024/10/08 11:09:19 [notice] 1#1: worker process 26 exited with code 0
2024/10/08 11:09:19 [notice] 1#1: worker process 29 exited with code 0
2024/10/08 11:09:19 [notice] 1#1: worker process 33 exited with code 0
2024/10/08 11:09:19 [notice] 1#1: worker process 35 exited with code 0
2024/10/08 11:09:19 [notice] 1#1: signal 29 (SIGIO) received
2024/10/08 11:09:19 [notice] 1#1: signal 17 (SIGCHLD) received from 24
2024/10/08 11:09:19 [notice] 1#1: signal 17 (SIGCHLD) received from 28
2024/10/08 11:09:19 [notice] 1#1: worker process 28 exited with code 0
2024/10/08 11:09:19 [notice] 1#1: signal 29 (SIGIO) received
2024/10/08 11:09:19 [notice] 1#1: signal 17 (SIGCHLD) received from 30
2024/10/08 11:09:19 [notice] 1#1: worker process 30 exited with code 0
2024/10/08 11:09:19 [notice] 1#1: signal 29 (SIGIO) received
2024/10/08 11:09:19 [notice] 1#1: signal 17 (SIGCHLD) received from 32
2024/10/08 11:09:19 [notice] 1#1: worker process 27 exited with code 0
2024/10/08 11:09:19 [notice] 1#1: worker process 32 exited with code 0
2024/10/08 11:09:19 [notice] 1#1: worker process 34 exited with code 0
2024/10/08 11:09:19 [notice] 1#1: signal 29 (SIGIO) received
2024/10/08 11:09:19 [notice] 1#1: signal 17 (SIGCHLD) received from 31
2024/10/08 11:09:19 [notice] 1#1: worker process 22 exited with code 0
2024/10/08 11:09:19 [notice] 1#1: worker process 31 exited with code 0
2024/10/08 11:09:19 [notice] 1#1: signal 29 (SIGIO) received
2024/10/08 11:09:19 [notice] 1#1: signal 17 (SIGCHLD) received from 25
2024/10/08 11:09:19 [notice] 1#1: worker process 25 exited with code 0
2024/10/08 11:09:19 [notice] 1#1: signal 17 (SIGCHLD) received from 23
2024/10/08 11:09:19 [notice] 1#1: worker process 23 exited with code 0
2024/10/08 11:09:19 [notice] 1#1: exit
2024/10/08 11:09:19 [notice] 1#1: using the "epoll" event method
2024/10/08 11:09:19 [notice] 1#1: nginx/1.27.2
2024/10/08 11:09:19 [notice] 1#1: built by gcc 12.2.0 (Debian 12.2.0-14) 
2024/10/08 11:09:19 [notice] 1#1: OS: Linux 6.8.0-45-generic
2024/10/08 11:09:19 [notice] 1#1: getrlimit(RLIMIT_NOFILE): 1048576:1048576
2024/10/08 11:09:19 [notice] 1#1: start worker processes
2024/10/08 11:09:19 [notice] 1#1: start worker process 20
2024/10/08 11:09:19 [notice] 1#1: start worker process 21
2024/10/08 11:09:19 [notice] 1#1: start worker process 22
2024/10/08 11:09:19 [notice] 1#1: start worker process 23
2024/10/08 11:09:19 [notice] 1#1: start worker process 24
2024/10/08 11:09:19 [notice] 1#1: start worker process 25
2024/10/08 11:09:19 [notice] 1#1: start worker process 26
2024/10/08 11:09:19 [notice] 1#1: start worker process 27
2024/10/08 11:09:19 [notice] 1#1: start worker process 28
2024/10/08 11:09:19 [notice] 1#1: start worker process 29
2024/10/08 11:09:19 [notice] 1#1: start worker process 30
2024/10/08 11:09:19 [notice] 1#1: start worker process 31
2024/10/08 11:09:19 [notice] 1#1: start worker process 32
2024/10/08 11:09:19 [notice] 1#1: start worker process 33
2024/10/08 11:09:19 [notice] 1#1: start worker process 34
2024/10/08 11:09:19 [notice] 1#1: start worker process 35
2024/10/08 11:09:23 [error] 20#20: *1 open() "/var/www/html/public/build/react_css.0fa2f688.css" failed (2: No such file or directory), client: 172.18.0.1, server: website.akhilleus.com, request: "GET /build/react_css.0fa2f688.css HTTP/1.1", host: "website.akhilleus.com", referrer: "https://website.akhilleus.com/admin"
2024/10/08 11:09:23 [error] 20#20: *1 open() "/var/www/html/public/build/runtime.4bfd2643.js" failed (2: No such file or directory), client: 172.18.0.1, server: website.akhilleus.com, request: "GET /build/runtime.4bfd2643.js HTTP/1.1", host: "website.akhilleus.com", referrer: "https://website.akhilleus.com/admin"
2024/10/08 11:09:23 [error] 20#20: *1 open() "/var/www/html/public/build/384.03321a07.js" failed (2: No such file or directory), client: 172.18.0.1, server: website.akhilleus.com, request: "GET /build/384.03321a07.js HTTP/1.1", host: "website.akhilleus.com", referrer: "https://website.akhilleus.com/admin"
2024/10/08 11:09:23 [error] 20#20: *1 open() "/var/www/html/public/build/react_app.23071563.js" failed (2: No such file or directory), client: 172.18.0.1, server: website.akhilleus.com, request: "GET /build/react_app.23071563.js HTTP/1.1", host: "website.akhilleus.com", referrer: "https://website.akhilleus.com/admin"
2024/10/08 11:11:29 [error] 22#22: *7 open() "/var/www/html/public/build/app_css.223b1396.css" failed (2: No such file or directory), client: 172.18.0.1, server: website.akhilleus.com, request: "GET /build/app_css.223b1396.css HTTP/1.1", host: "website.akhilleus.com", referrer: "https://website.akhilleus.com/authentication"
2024/10/08 11:11:29 [error] 22#22: *7 open() "/var/www/html/public/build/app_css.223b1396.css" failed (2: No such file or directory), client: 172.18.0.1, server: website.akhilleus.com, request: "GET /build/app_css.223b1396.css HTTP/1.1", host: "website.akhilleus.com", referrer: "https://website.akhilleus.com/authentication"
2024/10/08 11:11:39 [error] 22#22: *7 open() "/var/www/html/public/build/app_css.223b1396.css" failed (2: No such file or directory), client: 172.18.0.1, server: website.akhilleus.com, request: "GET /build/app_css.223b1396.css HTTP/1.1", host: "website.akhilleus.com", referrer: "https://website.akhilleus.com/authentication"
2024/10/08 11:13:31 [notice] 1#1: signal 3 (SIGQUIT) received, shutting down
2024/10/08 11:13:31 [notice] 21#21: gracefully shutting down
2024/10/08 11:13:31 [notice] 20#20: gracefully shutting down
2024/10/08 11:13:31 [notice] 22#22: gracefully shutting down
2024/10/08 11:13:31 [notice] 25#25: gracefully shutting down
2024/10/08 11:13:31 [notice] 24#24: gracefully shutting down
2024/10/08 11:13:31 [notice] 27#27: gracefully shutting down
2024/10/08 11:13:31 [notice] 28#28: gracefully shutting down
2024/10/08 11:13:31 [notice] 26#26: gracefully shutting down
2024/10/08 11:13:31 [notice] 21#21: exiting
2024/10/08 11:13:31 [notice] 29#29: gracefully shutting down
2024/10/08 11:13:31 [notice] 30#30: gracefully shutting down
2024/10/08 11:13:31 [notice] 20#20: exiting
2024/10/08 11:13:31 [notice] 22#22: exiting
2024/10/08 11:13:31 [notice] 32#32: gracefully shutting down
2024/10/08 11:13:31 [notice] 25#25: exiting
2024/10/08 11:13:31 [notice] 23#23: gracefully shutting down
2024/10/08 11:13:31 [notice] 31#31: gracefully shutting down
2024/10/08 11:13:31 [notice] 34#34: gracefully shutting down
2024/10/08 11:13:31 [notice] 24#24: exiting
2024/10/08 11:13:31 [notice] 27#27: exiting
2024/10/08 11:13:31 [notice] 23#23: exiting
2024/10/08 11:13:31 [notice] 28#28: exiting
2024/10/08 11:13:31 [notice] 26#26: exiting
2024/10/08 11:13:31 [notice] 29#29: exiting
2024/10/08 11:13:31 [notice] 30#30: exiting
2024/10/08 11:13:31 [notice] 32#32: exiting
2024/10/08 11:13:31 [notice] 33#33: gracefully shutting down
2024/10/08 11:13:31 [notice] 31#31: exiting
2024/10/08 11:13:31 [notice] 34#34: exiting
2024/10/08 11:13:31 [notice] 33#33: exiting
2024/10/08 11:13:31 [notice] 22#22: exit
2024/10/08 11:13:31 [notice] 20#20: exit
2024/10/08 11:13:31 [notice] 21#21: exit
2024/10/08 11:13:31 [notice] 25#25: exit
2024/10/08 11:13:31 [notice] 28#28: exit
2024/10/08 11:13:31 [notice] 26#26: exit
2024/10/08 11:13:31 [notice] 24#24: exit
2024/10/08 11:13:31 [notice] 27#27: exit
2024/10/08 11:13:31 [notice] 23#23: exit
2024/10/08 11:13:31 [notice] 31#31: exit
2024/10/08 11:13:31 [notice] 32#32: exit
2024/10/08 11:13:31 [notice] 30#30: exit
2024/10/08 11:13:31 [notice] 29#29: exit
2024/10/08 11:13:31 [notice] 34#34: exit
2024/10/08 11:13:31 [notice] 33#33: exit
2024/10/08 11:13:31 [notice] 35#35: gracefully shutting down
2024/10/08 11:13:31 [notice] 35#35: exiting
2024/10/08 11:13:31 [notice] 35#35: exit
2024/10/08 11:13:31 [notice] 1#1: signal 17 (SIGCHLD) received from 29
2024/10/08 11:13:31 [notice] 1#1: worker process 23 exited with code 0
2024/10/08 11:13:31 [notice] 1#1: worker process 27 exited with code 0
2024/10/08 11:13:31 [notice] 1#1: worker process 29 exited with code 0
2024/10/08 11:13:31 [notice] 1#1: signal 29 (SIGIO) received
2024/10/08 11:13:31 [notice] 1#1: signal 17 (SIGCHLD) received from 30
2024/10/08 11:13:31 [notice] 1#1: worker process 30 exited with code 0
2024/10/08 11:13:31 [notice] 1#1: signal 29 (SIGIO) received
2024/10/08 11:13:31 [notice] 1#1: signal 17 (SIGCHLD) received from 25
2024/10/08 11:13:31 [notice] 1#1: worker process 25 exited with code 0
2024/10/08 11:13:31 [notice] 1#1: signal 29 (SIGIO) received
2024/10/08 11:13:31 [notice] 1#1: signal 17 (SIGCHLD) received from 32
2024/10/08 11:13:31 [notice] 1#1: worker process 32 exited with code 0
2024/10/08 11:13:31 [notice] 1#1: signal 29 (SIGIO) received
2024/10/08 11:13:31 [notice] 1#1: signal 17 (SIGCHLD) received from 24
2024/10/08 11:13:31 [notice] 1#1: worker process 22 exited with code 0
2024/10/08 11:13:31 [notice] 1#1: worker process 24 exited with code 0
2024/10/08 11:13:31 [notice] 1#1: worker process 28 exited with code 0
2024/10/08 11:13:31 [notice] 1#1: signal 29 (SIGIO) received
2024/10/08 11:13:31 [notice] 1#1: signal 17 (SIGCHLD) received from 22
2024/10/08 11:13:31 [notice] 1#1: worker process 20 exited with code 0
2024/10/08 11:13:31 [notice] 1#1: signal 29 (SIGIO) received
2024/10/08 11:13:31 [notice] 1#1: signal 17 (SIGCHLD) received from 26
2024/10/08 11:13:31 [notice] 1#1: worker process 26 exited with code 0
2024/10/08 11:13:31 [notice] 1#1: signal 29 (SIGIO) received
2024/10/08 11:13:31 [notice] 1#1: signal 17 (SIGCHLD) received from 34
2024/10/08 11:13:31 [notice] 1#1: worker process 21 exited with code 0
2024/10/08 11:13:31 [notice] 1#1: worker process 34 exited with code 0
2024/10/08 11:13:31 [notice] 1#1: worker process 35 exited with code 0
2024/10/08 11:13:31 [notice] 1#1: signal 29 (SIGIO) received
2024/10/08 11:13:31 [notice] 1#1: signal 17 (SIGCHLD) received from 21
2024/10/08 11:13:31 [notice] 1#1: signal 17 (SIGCHLD) received from 31
2024/10/08 11:13:31 [notice] 1#1: worker process 31 exited with code 0
2024/10/08 11:13:31 [notice] 1#1: signal 29 (SIGIO) received
2024/10/08 11:13:31 [notice] 1#1: signal 17 (SIGCHLD) received from 33
2024/10/08 11:13:31 [notice] 1#1: worker process 33 exited with code 0
2024/10/08 11:13:31 [notice] 1#1: exit
